<?xml version="1.0" encoding="UTF-8"?>
<!-- Generated by org.testng.reporters.JUnitReportReporter -->
<testsuite hostname="LAPTOP-32GN0UI0" failures="0" tests="1" name="test.PhpTravels.LoginTest" time="7.129" errors="0" timestamp="2022-11-28T22:37:28 IST" skipped="0">
  <testcase classname="test.PhpTravels.LoginTest" name="login" time="7.129"/>
  <system-out/>
</testsuite> <!-- test.PhpTravels.LoginTest -->
