<?xml version="1.0" encoding="UTF-8"?>
<!-- Generated by org.testng.reporters.JUnitReportReporter -->
<testsuite hostname="LAPTOP-32GN0UI0" failures="0" tests="2" name="test.PhpTravels.DataProviderTest" time="0.019" errors="0" timestamp="25 Nov 2022 14:09:55 GMT">
  <testcase classname="test.PhpTravels.DataProviderTest" name="myTest" time="0.003"/>
  <testcase classname="test.PhpTravels.DataProviderTest" name="myTest" time="0.016"/>
</testsuite> <!-- test.PhpTravels.DataProviderTest -->
