<?xml version="1.0" encoding="UTF-8"?>
<!-- Generated by org.testng.reporters.JUnitReportReporter -->
<testsuite hostname="LAPTOP-32GN0UI0" failures="0" tests="4" name="test.PhpTravels.SeleTest" time="64.796" errors="0" timestamp="25 Nov 2022 14:48:20 GMT">
  <testcase classname="test.PhpTravels.SeleTest" name="testIrctc" time="22.499"/>
  <testcase classname="test.PhpTravels.SeleTest" name="testDemoQA" time="12.085"/>
  <testcase classname="test.PhpTravels.SeleTest" name="testAppTest" time="4.101"/>
  <testcase classname="test.PhpTravels.SeleTest" name="testFlipkart" time="26.111"/>
</testsuite> <!-- test.PhpTravels.SeleTest -->
