<?xml version="1.0" encoding="UTF-8"?>
<!-- Generated by org.testng.reporters.JUnitReportReporter -->
<testsuite hostname="LAPTOP-32GN0UI0" failures="0" tests="1" name="test.PhpTravels.LoginTest" time="1.276" errors="0" timestamp="25 Nov 2022 15:26:29 GMT">
  <testcase classname="test.PhpTravels.LoginTest" name="login" time="1.276"/>
</testsuite> <!-- test.PhpTravels.LoginTest -->
